# JRE version: OpenJDK Runtime Environment (7.0_51) (build 1.7.0_51-b00)
# Java VM: OpenJDK 64-Bit Server VM (24.45-b08 mixed mode linux-amd64 compressed oops)
Heap
 PSYoungGen      total 233472K, used 0K [0x00000000eaa80000, 0x0000000100000000, 0x0000000100000000)
  eden space 117248K, 0% used [0x00000000eaa80000,0x00000000eaa80000,0x00000000f1d00000)
  from space 116224K, 0% used [0x00000000f1d00000,0x00000000f1d00000,0x00000000f8e80000)
  to   space 116224K, 0% used [0x00000000f8e80000,0x00000000f8e80000,0x0000000100000000)
 ParOldGen       total 376320K, used 334709K [0x00000000c0000000, 0x00000000d6f80000, 0x00000000eaa80000)
  object space 376320K, 88% used [0x00000000c0000000,0x00000000d46dd7b8,0x00000000d6f80000)
 PSPermGen       total 21504K, used 5775K [0x00000000b5a00000, 0x00000000b6f00000, 0x00000000c0000000)
  object space 21504K, 26% used [0x00000000b5a00000,0x00000000b5fa3ce8,0x00000000b6f00000)
GC Heap History (10 events):
Event: 26,541 GC heap after
Heap after GC invocations=21 (full 4):
 PSYoungGen      total 252416K, used 34001K [0x00000000eaa80000, 0x0000000100000000, 0x0000000100000000)
  eden space 155136K, 0% used [0x00000000eaa80000,0x00000000eaa80000,0x00000000f4200000)
  from space 97280K, 34% used [0x00000000f4200000,0x00000000f6334768,0x00000000fa100000)
  to   space 91136K, 0% used [0x00000000fa700000,0x00000000fa700000,0x0000000100000000)
 ParOldGen       total 376320K, used 271712K [0x00000000c0000000, 0x00000000d6f80000, 0x00000000eaa80000)
  object space 376320K, 72% used [0x00000000c0000000,0x00000000d0958190,0x00000000d6f80000)
 PSPermGen       total 21504K, used 5766K [0x00000000b5a00000, 0x00000000b6f00000, 0x00000000c0000000)
  object space 21504K, 26% used [0x00000000b5a00000,0x00000000b5fa1b08,0x00000000b6f00000)
}
Event: 27,361 GC heap before
{Heap before GC invocations=22 (full 4):
 PSYoungGen      total 252416K, used 189137K [0x00000000eaa80000, 0x0000000100000000, 0x0000000100000000)
  eden space 155136K, 100% used [0x00000000eaa80000,0x00000000f4200000,0x00000000f4200000)
  from space 97280K, 34% used [0x00000000f4200000,0x00000000f6334768,0x00000000fa100000)
  to   space 91136K, 0% used [0x00000000fa700000,0x00000000fa700000,0x0000000100000000)
 ParOldGen       total 376320K, used 271712K [0x00000000c0000000, 0x00000000d6f80000, 0x00000000eaa80000)
  object space 376320K, 72% used [0x00000000c0000000,0x00000000d0958190,0x00000000d6f80000)
 PSPermGen       total 21504K, used 5772K [0x00000000b5a00000, 0x00000000b6f00000, 0x00000000c0000000)
  object space 21504K, 26% used [0x00000000b5a00000,0x00000000b5fa33d8,0x00000000b6f00000)
Event: 27,468 GC heap after
Heap after GC invocations=22 (full 4):
 PSYoungGen      total 252416K, used 58743K [0x00000000eaa80000, 0x0000000100000000, 0x0000000100000000)
  eden space 161280K, 0% used [0x00000000eaa80000,0x00000000eaa80000,0x00000000f4800000)
  from space 91136K, 64% used [0x00000000fa700000,0x00000000fe05dce8,0x0000000100000000)
  to   space 94208K, 0% used [0x00000000f4800000,0x00000000f4800000,0x00000000fa400000)
 ParOldGen       total 376320K, used 271712K [0x00000000c0000000, 0x00000000d6f80000, 0x00000000eaa80000)
  object space 376320K, 72% used [0x00000000c0000000,0x00000000d0958190,0x00000000d6f80000)
 PSPermGen       total 21504K, used 5772K [0x00000000b5a00000, 0x00000000b6f00000, 0x00000000c0000000)
  object space 21504K, 26% used [0x00000000b5a00000,0x00000000b5fa33d8,0x00000000b6f00000)
}
Event: 28,370 GC heap before
{Heap before GC invocations=23 (full 4):
 PSYoungGen      total 252416K, used 220023K [0x00000000eaa80000, 0x0000000100000000, 0x0000000100000000)
  eden space 161280K, 100% used [0x00000000eaa80000,0x00000000f4800000,0x00000000f4800000)
  from space 91136K, 64% used [0x00000000fa700000,0x00000000fe05dce8,0x0000000100000000)
  to   space 94208K, 0% used [0x00000000f4800000,0x00000000f4800000,0x00000000fa400000)
 ParOldGen       total 376320K, used 271712K [0x00000000c0000000, 0x00000000d6f80000, 0x00000000eaa80000)
  object space 376320K, 72% used [0x00000000c0000000,0x00000000d0958190,0x00000000d6f80000)
 PSPermGen       total 21504K, used 5773K [0x00000000b5a00000, 0x00000000b6f00000, 0x00000000c0000000)
  object space 21504K, 26% used [0x00000000b5a00000,0x00000000b5fa3778,0x00000000b6f00000)
Event: 28,503 GC heap after
Heap after GC invocations=23 (full 4):
 PSYoungGen      total 240640K, used 79344K [0x00000000eaa80000, 0x0000000100000000, 0x0000000100000000)
  eden space 161280K, 0% used [0x00000000eaa80000,0x00000000eaa80000,0x00000000f4800000)
  from space 79360K, 99% used [0x00000000f4800000,0x00000000f957c120,0x00000000f9580000)
  to   space 104448K, 0% used [0x00000000f9a00000,0x00000000f9a00000,0x0000000100000000)
 ParOldGen       total 376320K, used 271712K [0x00000000c0000000, 0x00000000d6f80000, 0x00000000eaa80000)
  object space 376320K, 72% used [0x00000000c0000000,0x00000000d0958190,0x00000000d6f80000)
 PSPermGen       total 21504K, used 5773K [0x00000000b5a00000, 0x00000000b6f00000, 0x00000000c0000000)
  object space 21504K, 26% used [0x00000000b5a00000,0x00000000b5fa3778,0x00000000b6f00000)
}
Event: 29,297 GC heap before
{Heap before GC invocations=24 (full 4):
 PSYoungGen      total 240640K, used 240624K [0x00000000eaa80000, 0x0000000100000000, 0x0000000100000000)
  eden space 161280K, 100% used [0x00000000eaa80000,0x00000000f4800000,0x00000000f4800000)
  from space 79360K, 99% used [0x00000000f4800000,0x00000000f957c120,0x00000000f9580000)
  to   space 104448K, 0% used [0x00000000f9a00000,0x00000000f9a00000,0x0000000100000000)
 ParOldGen       total 376320K, used 271712K [0x00000000c0000000, 0x00000000d6f80000, 0x00000000eaa80000)
  object space 376320K, 72% used [0x00000000c0000000,0x00000000d0958190,0x00000000d6f80000)
 PSPermGen       total 21504K, used 5774K [0x00000000b5a00000, 0x00000000b6f00000, 0x00000000c0000000)
  object space 21504K, 26% used [0x00000000b5a00000,0x00000000b5fa3940,0x00000000b6f00000)
Event: 29,478 GC heap after
Heap after GC invocations=24 (full 4):
 PSYoungGen      total 221696K, used 104442K [0x00000000eaa80000, 0x0000000100000000, 0x0000000100000000)
  eden space 117248K, 0% used [0x00000000eaa80000,0x00000000eaa80000,0x00000000f1d00000)
  from space 104448K, 99% used [0x00000000f9a00000,0x00000000ffffebb8,0x0000000100000000)
  to   space 116224K, 0% used [0x00000000f1d00000,0x00000000f1d00000,0x00000000f8e80000)
 ParOldGen       total 376320K, used 273880K [0x00000000c0000000, 0x00000000d6f80000, 0x00000000eaa80000)
  object space 376320K, 72% used [0x00000000c0000000,0x00000000d0b76090,0x00000000d6f80000)
 PSPermGen       total 21504K, used 5774K [0x00000000b5a00000, 0x00000000b6f00000, 0x00000000c0000000)
  object space 21504K, 26% used [0x00000000b5a00000,0x00000000b5fa3940,0x00000000b6f00000)
}
Event: 29,966 GC heap before
{Heap before GC invocations=25 (full 4):
 PSYoungGen      total 221696K, used 221690K [0x00000000eaa80000, 0x0000000100000000, 0x0000000100000000)
  eden space 117248K, 100% used [0x00000000eaa80000,0x00000000f1d00000,0x00000000f1d00000)
  from space 104448K, 99% used [0x00000000f9a00000,0x00000000ffffebb8,0x0000000100000000)
  to   space 116224K, 0% used [0x00000000f1d00000,0x00000000f1d00000,0x00000000f8e80000)
 ParOldGen       total 376320K, used 273880K [0x00000000c0000000, 0x00000000d6f80000, 0x00000000eaa80000)
  object space 376320K, 72% used [0x00000000c0000000,0x00000000d0b76090,0x00000000d6f80000)
 PSPermGen       total 21504K, used 5775K [0x00000000b5a00000, 0x00000000b6f00000, 0x00000000c0000000)
  object space 21504K, 26% used [0x00000000b5a00000,0x00000000b5fa3d68,0x00000000b6f00000)
Event: 30,187 GC heap after
Heap after GC invocations=25 (full 4):
 PSYoungGen      total 233472K, used 66577K [0x00000000eaa80000, 0x0000000100000000, 0x0000000100000000)
  eden space 117248K, 0% used [0x00000000eaa80000,0x00000000eaa80000,0x00000000f1d00000)
  from space 116224K, 57% used [0x00000000f1d00000,0x00000000f5e044e8,0x00000000f8e80000)
  to   space 116224K, 0% used [0x00000000f8e80000,0x00000000f8e80000,0x0000000100000000)
 ParOldGen       total 376320K, used 330871K [0x00000000c0000000, 0x00000000d6f80000, 0x00000000eaa80000)
  object space 376320K, 87% used [0x00000000c0000000,0x00000000d431dc60,0x00000000d6f80000)
 PSPermGen       total 21504K, used 5775K [0x00000000b5a00000, 0x00000000b6f00000, 0x00000000c0000000)
  object space 21504K, 26% used [0x00000000b5a00000,0x00000000b5fa3d68,0x00000000b6f00000)
}
Event: 30,187 GC heap before
{Heap before GC invocations=26 (full 5):
 PSYoungGen      total 233472K, used 66577K [0x00000000eaa80000, 0x0000000100000000, 0x0000000100000000)
  eden space 117248K, 0% used [0x00000000eaa80000,0x00000000eaa80000,0x00000000f1d00000)
  from space 116224K, 57% used [0x00000000f1d00000,0x00000000f5e044e8,0x00000000f8e80000)
  to   space 116224K, 0% used [0x00000000f8e80000,0x00000000f8e80000,0x0000000100000000)
 ParOldGen       total 376320K, used 330871K [0x00000000c0000000, 0x00000000d6f80000, 0x00000000eaa80000)
  object space 376320K, 87% used [0x00000000c0000000,0x00000000d431dc60,0x00000000d6f80000)
 PSPermGen       total 21504K, used 5775K [0x00000000b5a00000, 0x00000000b6f00000, 0x00000000c0000000)
  object space 21504K, 26% used [0x00000000b5a00000,0x00000000b5fa3d68,0x00000000b6f00000)

